2018-09-01 13:49:53,798 [main] ERROR [org.springframework.boot.SpringApplication] SpringApplication.java:845 - Application run failed
java.lang.IllegalStateException: Could not locate PropertySource and the fail fast property is set, failing
	at org.springframework.cloud.config.client.ConfigServicePropertySourceLocator.locate(ConfigServicePropertySourceLocator.java:136)
	at org.springframework.cloud.config.client.ConfigServicePropertySourceLocator$$FastClassBySpringCGLIB$$fa44b2a.invoke(<generated>)
	at org.springframework.cglib.proxy.MethodProxy.invoke(MethodProxy.java:204)
	at org.springframework.aop.framework.CglibAopProxy$CglibMethodInvocation.invokeJoinpoint(CglibAopProxy.java:747)
	at org.springframework.aop.framework.ReflectiveMethodInvocation.proceed(ReflectiveMethodInvocation.java:163)
	at org.springframework.retry.interceptor.RetryOperationsInterceptor$1.doWithRetry(RetryOperationsInterceptor.java:91)
	at org.springframework.retry.support.RetryTemplate.doExecute(RetryTemplate.java:287)
	at org.springframework.retry.support.RetryTemplate.execute(RetryTemplate.java:164)
	at org.springframework.retry.interceptor.RetryOperationsInterceptor.invoke(RetryOperationsInterceptor.java:118)
	at org.springframework.retry.annotation.AnnotationAwareRetryOperationsInterceptor.invoke(AnnotationAwareRetryOperationsInterceptor.java:153)
	at org.springframework.aop.framework.ReflectiveMethodInvocation.proceed(ReflectiveMethodInvocation.java:185)
	at org.springframework.aop.framework.CglibAopProxy$DynamicAdvisedInterceptor.intercept(CglibAopProxy.java:689)
	at org.springframework.cloud.config.client.ConfigServicePropertySourceLocator$$EnhancerBySpringCGLIB$$7e3d1e00.locate(<generated>)
	at org.springframework.cloud.bootstrap.config.PropertySourceBootstrapConfiguration.initialize(PropertySourceBootstrapConfiguration.java:94)
	at org.springframework.boot.SpringApplication.applyInitializers(SpringApplication.java:636)
	at org.springframework.boot.SpringApplication.prepareContext(SpringApplication.java:376)
	at org.springframework.boot.SpringApplication.run(SpringApplication.java:328)
	at org.springframework.boot.SpringApplication.run(SpringApplication.java:1258)
	at org.springframework.boot.SpringApplication.run(SpringApplication.java:1246)
	at com.itfdms.auth.ItfdmsAuthApplication.main(ItfdmsAuthApplication.java:33)
2018-09-01 14:24:32,791 [main] ERROR [org.springframework.boot.SpringApplication] SpringApplication.java:845 - Application run failed
java.lang.IllegalStateException: Could not locate PropertySource and the fail fast property is set, failing
	at org.springframework.cloud.config.client.ConfigServicePropertySourceLocator.locate(ConfigServicePropertySourceLocator.java:136)
	at org.springframework.cloud.config.client.ConfigServicePropertySourceLocator$$FastClassBySpringCGLIB$$fa44b2a.invoke(<generated>)
	at org.springframework.cglib.proxy.MethodProxy.invoke(MethodProxy.java:204)
	at org.springframework.aop.framework.CglibAopProxy$CglibMethodInvocation.invokeJoinpoint(CglibAopProxy.java:747)
	at org.springframework.aop.framework.ReflectiveMethodInvocation.proceed(ReflectiveMethodInvocation.java:163)
	at org.springframework.retry.interceptor.RetryOperationsInterceptor$1.doWithRetry(RetryOperationsInterceptor.java:91)
	at org.springframework.retry.support.RetryTemplate.doExecute(RetryTemplate.java:287)
	at org.springframework.retry.support.RetryTemplate.execute(RetryTemplate.java:164)
	at org.springframework.retry.interceptor.RetryOperationsInterceptor.invoke(RetryOperationsInterceptor.java:118)
	at org.springframework.retry.annotation.AnnotationAwareRetryOperationsInterceptor.invoke(AnnotationAwareRetryOperationsInterceptor.java:153)
	at org.springframework.aop.framework.ReflectiveMethodInvocation.proceed(ReflectiveMethodInvocation.java:185)
	at org.springframework.aop.framework.CglibAopProxy$DynamicAdvisedInterceptor.intercept(CglibAopProxy.java:689)
	at org.springframework.cloud.config.client.ConfigServicePropertySourceLocator$$EnhancerBySpringCGLIB$$4375fb2a.locate(<generated>)
	at org.springframework.cloud.bootstrap.config.PropertySourceBootstrapConfiguration.initialize(PropertySourceBootstrapConfiguration.java:94)
	at org.springframework.boot.SpringApplication.applyInitializers(SpringApplication.java:636)
	at org.springframework.boot.SpringApplication.prepareContext(SpringApplication.java:376)
	at org.springframework.boot.SpringApplication.run(SpringApplication.java:328)
	at org.springframework.boot.SpringApplication.run(SpringApplication.java:1258)
	at org.springframework.boot.SpringApplication.run(SpringApplication.java:1246)
	at com.itfdms.auth.ItfdmsAuthApplication.main(ItfdmsAuthApplication.java:33)
2018-09-01 14:28:05,167 [main] ERROR [org.springframework.boot.SpringApplication] SpringApplication.java:845 - Application run failed
java.lang.IllegalStateException: Could not locate PropertySource and the fail fast property is set, failing
	at org.springframework.cloud.config.client.ConfigServicePropertySourceLocator.locate(ConfigServicePropertySourceLocator.java:136)
	at org.springframework.cloud.config.client.ConfigServicePropertySourceLocator$$FastClassBySpringCGLIB$$fa44b2a.invoke(<generated>)
	at org.springframework.cglib.proxy.MethodProxy.invoke(MethodProxy.java:204)
	at org.springframework.aop.framework.CglibAopProxy$CglibMethodInvocation.invokeJoinpoint(CglibAopProxy.java:747)
	at org.springframework.aop.framework.ReflectiveMethodInvocation.proceed(ReflectiveMethodInvocation.java:163)
	at org.springframework.retry.interceptor.RetryOperationsInterceptor$1.doWithRetry(RetryOperationsInterceptor.java:91)
	at org.springframework.retry.support.RetryTemplate.doExecute(RetryTemplate.java:287)
	at org.springframework.retry.support.RetryTemplate.execute(RetryTemplate.java:164)
	at org.springframework.retry.interceptor.RetryOperationsInterceptor.invoke(RetryOperationsInterceptor.java:118)
	at org.springframework.retry.annotation.AnnotationAwareRetryOperationsInterceptor.invoke(AnnotationAwareRetryOperationsInterceptor.java:153)
	at org.springframework.aop.framework.ReflectiveMethodInvocation.proceed(ReflectiveMethodInvocation.java:185)
	at org.springframework.aop.framework.CglibAopProxy$DynamicAdvisedInterceptor.intercept(CglibAopProxy.java:689)
	at org.springframework.cloud.config.client.ConfigServicePropertySourceLocator$$EnhancerBySpringCGLIB$$78c43682.locate(<generated>)
	at org.springframework.cloud.bootstrap.config.PropertySourceBootstrapConfiguration.initialize(PropertySourceBootstrapConfiguration.java:94)
	at org.springframework.boot.SpringApplication.applyInitializers(SpringApplication.java:636)
	at org.springframework.boot.SpringApplication.prepareContext(SpringApplication.java:376)
	at org.springframework.boot.SpringApplication.run(SpringApplication.java:328)
	at org.springframework.boot.SpringApplication.run(SpringApplication.java:1258)
	at org.springframework.boot.SpringApplication.run(SpringApplication.java:1246)
	at com.itfdms.auth.ItfdmsAuthApplication.main(ItfdmsAuthApplication.java:33)
2018-09-01 14:55:41,306 [main] ERROR [org.springframework.boot.SpringApplication] SpringApplication.java:845 - Application run failed
java.lang.IllegalStateException: Could not locate PropertySource and the fail fast property is set, failing
	at org.springframework.cloud.config.client.ConfigServicePropertySourceLocator.locate(ConfigServicePropertySourceLocator.java:136)
	at org.springframework.cloud.config.client.ConfigServicePropertySourceLocator$$FastClassBySpringCGLIB$$fa44b2a.invoke(<generated>)
	at org.springframework.cglib.proxy.MethodProxy.invoke(MethodProxy.java:204)
	at org.springframework.aop.framework.CglibAopProxy$CglibMethodInvocation.invokeJoinpoint(CglibAopProxy.java:747)
	at org.springframework.aop.framework.ReflectiveMethodInvocation.proceed(ReflectiveMethodInvocation.java:163)
	at org.springframework.retry.interceptor.RetryOperationsInterceptor$1.doWithRetry(RetryOperationsInterceptor.java:91)
	at org.springframework.retry.support.RetryTemplate.doExecute(RetryTemplate.java:287)
	at org.springframework.retry.support.RetryTemplate.execute(RetryTemplate.java:164)
	at org.springframework.retry.interceptor.RetryOperationsInterceptor.invoke(RetryOperationsInterceptor.java:118)
	at org.springframework.retry.annotation.AnnotationAwareRetryOperationsInterceptor.invoke(AnnotationAwareRetryOperationsInterceptor.java:153)
	at org.springframework.aop.framework.ReflectiveMethodInvocation.proceed(ReflectiveMethodInvocation.java:185)
	at org.springframework.aop.framework.CglibAopProxy$DynamicAdvisedInterceptor.intercept(CglibAopProxy.java:689)
	at org.springframework.cloud.config.client.ConfigServicePropertySourceLocator$$EnhancerBySpringCGLIB$$2a9978f6.locate(<generated>)
	at org.springframework.cloud.bootstrap.config.PropertySourceBootstrapConfiguration.initialize(PropertySourceBootstrapConfiguration.java:94)
	at org.springframework.boot.SpringApplication.applyInitializers(SpringApplication.java:636)
	at org.springframework.boot.SpringApplication.prepareContext(SpringApplication.java:376)
	at org.springframework.boot.SpringApplication.run(SpringApplication.java:328)
	at org.springframework.boot.SpringApplication.run(SpringApplication.java:1258)
	at org.springframework.boot.SpringApplication.run(SpringApplication.java:1246)
	at com.itfdms.auth.ItfdmsAuthApplication.main(ItfdmsAuthApplication.java:33)
2018-09-01 15:11:35,215 [main] ERROR [org.springframework.boot.SpringApplication] SpringApplication.java:845 - Application run failed
java.lang.IllegalStateException: Could not locate PropertySource and the fail fast property is set, failing
	at org.springframework.cloud.config.client.ConfigServicePropertySourceLocator.locate(ConfigServicePropertySourceLocator.java:136)
	at org.springframework.cloud.config.client.ConfigServicePropertySourceLocator$$FastClassBySpringCGLIB$$fa44b2a.invoke(<generated>)
	at org.springframework.cglib.proxy.MethodProxy.invoke(MethodProxy.java:204)
	at org.springframework.aop.framework.CglibAopProxy$CglibMethodInvocation.invokeJoinpoint(CglibAopProxy.java:747)
	at org.springframework.aop.framework.ReflectiveMethodInvocation.proceed(ReflectiveMethodInvocation.java:163)
	at org.springframework.retry.interceptor.RetryOperationsInterceptor$1.doWithRetry(RetryOperationsInterceptor.java:91)
	at org.springframework.retry.support.RetryTemplate.doExecute(RetryTemplate.java:287)
	at org.springframework.retry.support.RetryTemplate.execute(RetryTemplate.java:164)
	at org.springframework.retry.interceptor.RetryOperationsInterceptor.invoke(RetryOperationsInterceptor.java:118)
	at org.springframework.retry.annotation.AnnotationAwareRetryOperationsInterceptor.invoke(AnnotationAwareRetryOperationsInterceptor.java:153)
	at org.springframework.aop.framework.ReflectiveMethodInvocation.proceed(ReflectiveMethodInvocation.java:185)
	at org.springframework.aop.framework.CglibAopProxy$DynamicAdvisedInterceptor.intercept(CglibAopProxy.java:689)
	at org.springframework.cloud.config.client.ConfigServicePropertySourceLocator$$EnhancerBySpringCGLIB$$91d536f5.locate(<generated>)
	at org.springframework.cloud.bootstrap.config.PropertySourceBootstrapConfiguration.initialize(PropertySourceBootstrapConfiguration.java:94)
	at org.springframework.boot.SpringApplication.applyInitializers(SpringApplication.java:636)
	at org.springframework.boot.SpringApplication.prepareContext(SpringApplication.java:376)
	at org.springframework.boot.SpringApplication.run(SpringApplication.java:328)
	at org.springframework.boot.SpringApplication.run(SpringApplication.java:1258)
	at org.springframework.boot.SpringApplication.run(SpringApplication.java:1246)
	at com.itfdms.auth.ItfdmsAuthApplication.main(ItfdmsAuthApplication.java:33)
2018-09-01 18:50:56,138 [main] ERROR [org.springframework.boot.SpringApplication] SpringApplication.java:845 - Application run failed
java.lang.IllegalStateException: Could not locate PropertySource and the fail fast property is set, failing
	at org.springframework.cloud.config.client.ConfigServicePropertySourceLocator.locate(ConfigServicePropertySourceLocator.java:136)
	at org.springframework.cloud.config.client.ConfigServicePropertySourceLocator$$FastClassBySpringCGLIB$$fa44b2a.invoke(<generated>)
	at org.springframework.cglib.proxy.MethodProxy.invoke(MethodProxy.java:204)
	at org.springframework.aop.framework.CglibAopProxy$CglibMethodInvocation.invokeJoinpoint(CglibAopProxy.java:747)
	at org.springframework.aop.framework.ReflectiveMethodInvocation.proceed(ReflectiveMethodInvocation.java:163)
	at org.springframework.retry.interceptor.RetryOperationsInterceptor$1.doWithRetry(RetryOperationsInterceptor.java:91)
	at org.springframework.retry.support.RetryTemplate.doExecute(RetryTemplate.java:287)
	at org.springframework.retry.support.RetryTemplate.execute(RetryTemplate.java:164)
	at org.springframework.retry.interceptor.RetryOperationsInterceptor.invoke(RetryOperationsInterceptor.java:118)
	at org.springframework.retry.annotation.AnnotationAwareRetryOperationsInterceptor.invoke(AnnotationAwareRetryOperationsInterceptor.java:153)
	at org.springframework.aop.framework.ReflectiveMethodInvocation.proceed(ReflectiveMethodInvocation.java:185)
	at org.springframework.aop.framework.CglibAopProxy$DynamicAdvisedInterceptor.intercept(CglibAopProxy.java:689)
	at org.springframework.cloud.config.client.ConfigServicePropertySourceLocator$$EnhancerBySpringCGLIB$$7af2a157.locate(<generated>)
	at org.springframework.cloud.bootstrap.config.PropertySourceBootstrapConfiguration.initialize(PropertySourceBootstrapConfiguration.java:94)
	at org.springframework.boot.SpringApplication.applyInitializers(SpringApplication.java:636)
	at org.springframework.boot.SpringApplication.prepareContext(SpringApplication.java:376)
	at org.springframework.boot.SpringApplication.run(SpringApplication.java:328)
	at org.springframework.boot.SpringApplication.run(SpringApplication.java:1258)
	at org.springframework.boot.SpringApplication.run(SpringApplication.java:1246)
	at com.itfdms.auth.ItfdmsAuthApplication.main(ItfdmsAuthApplication.java:33)
2018-09-01 20:55:35,600 [main] ERROR [org.springframework.boot.SpringApplication] SpringApplication.java:845 - Application run failed
java.lang.IllegalStateException: Could not locate PropertySource and the fail fast property is set, failing
	at org.springframework.cloud.config.client.ConfigServicePropertySourceLocator.locate(ConfigServicePropertySourceLocator.java:136)
	at org.springframework.cloud.config.client.ConfigServicePropertySourceLocator$$FastClassBySpringCGLIB$$fa44b2a.invoke(<generated>)
	at org.springframework.cglib.proxy.MethodProxy.invoke(MethodProxy.java:204)
	at org.springframework.aop.framework.CglibAopProxy$CglibMethodInvocation.invokeJoinpoint(CglibAopProxy.java:747)
	at org.springframework.aop.framework.ReflectiveMethodInvocation.proceed(ReflectiveMethodInvocation.java:163)
	at org.springframework.retry.interceptor.RetryOperationsInterceptor$1.doWithRetry(RetryOperationsInterceptor.java:91)
	at org.springframework.retry.support.RetryTemplate.doExecute(RetryTemplate.java:287)
	at org.springframework.retry.support.RetryTemplate.execute(RetryTemplate.java:164)
	at org.springframework.retry.interceptor.RetryOperationsInterceptor.invoke(RetryOperationsInterceptor.java:118)
	at org.springframework.retry.annotation.AnnotationAwareRetryOperationsInterceptor.invoke(AnnotationAwareRetryOperationsInterceptor.java:153)
	at org.springframework.aop.framework.ReflectiveMethodInvocation.proceed(ReflectiveMethodInvocation.java:185)
	at org.springframework.aop.framework.CglibAopProxy$DynamicAdvisedInterceptor.intercept(CglibAopProxy.java:689)
	at org.springframework.cloud.config.client.ConfigServicePropertySourceLocator$$EnhancerBySpringCGLIB$$9808e281.locate(<generated>)
	at org.springframework.cloud.bootstrap.config.PropertySourceBootstrapConfiguration.initialize(PropertySourceBootstrapConfiguration.java:94)
	at org.springframework.boot.SpringApplication.applyInitializers(SpringApplication.java:636)
	at org.springframework.boot.SpringApplication.prepareContext(SpringApplication.java:376)
	at org.springframework.boot.SpringApplication.run(SpringApplication.java:328)
	at org.springframework.boot.SpringApplication.run(SpringApplication.java:1258)
	at org.springframework.boot.SpringApplication.run(SpringApplication.java:1246)
	at com.itfdms.auth.ItfdmsAuthApplication.main(ItfdmsAuthApplication.java:33)
2018-09-08 20:52:45,510 [main] ERROR [org.springframework.boot.SpringApplication] SpringApplication.java:845 - Application run failed
org.springframework.beans.factory.BeanCreationException: Error creating bean with name 'meterRegistryPostProcessor' defined in class path resource [org/springframework/boot/actuate/autoconfigure/metrics/MetricsAutoConfiguration.class]: BeanPostProcessor before instantiation of bean failed; nested exception is org.springframework.beans.factory.UnsatisfiedDependencyException: Error creating bean with name 'org.springframework.cache.annotation.ProxyCachingConfiguration': Unsatisfied dependency expressed through method 'setConfigurers' parameter 0; nested exception is org.springframework.beans.factory.BeanCreationException: Error creating bean with name 'redisConfiguration': Injection of resource dependencies failed; nested exception is org.springframework.beans.factory.BeanCreationException: Error creating bean with name 'myLettuceConnectionFactory' defined in class path resource [com/itfdms/common/bean/config/redis/RedisFactoryConfig.class]: Bean instantiation via factory method failed; nested exception is org.springframework.beans.BeanInstantiationException: Failed to instantiate [org.springframework.data.redis.connection.RedisConnectionFactory]: Factory method 'myLettuceConnectionFactory' threw exception; nested exception is java.lang.BootstrapMethodError: java.lang.NoClassDefFoundError: io/lettuce/core/KeyValue
	at org.springframework.beans.factory.support.AbstractAutowireCapableBeanFactory.createBean(AbstractAutowireCapableBeanFactory.java:496)
	at org.springframework.beans.factory.support.AbstractBeanFactory.lambda$doGetBean$0(AbstractBeanFactory.java:317)
	at org.springframework.beans.factory.support.DefaultSingletonBeanRegistry.getSingleton(DefaultSingletonBeanRegistry.java:228)
	at org.springframework.beans.factory.support.AbstractBeanFactory.doGetBean(AbstractBeanFactory.java:315)
	at org.springframework.beans.factory.support.AbstractBeanFactory.getBean(AbstractBeanFactory.java:204)
	at org.springframework.context.support.PostProcessorRegistrationDelegate.registerBeanPostProcessors(PostProcessorRegistrationDelegate.java:238)
	at org.springframework.context.support.AbstractApplicationContext.registerBeanPostProcessors(AbstractApplicationContext.java:710)
	at org.springframework.context.support.AbstractApplicationContext.__refresh(AbstractApplicationContext.java:535)
	at org.springframework.context.support.AbstractApplicationContext.jrLockAndRefresh(AbstractApplicationContext.java:40002)
	at org.springframework.context.support.AbstractApplicationContext.refresh(AbstractApplicationContext.java:41008)
	at org.springframework.boot.web.servlet.context.ServletWebServerApplicationContext.refresh(ServletWebServerApplicationContext.java:140)
	at org.springframework.boot.SpringApplication.refresh(SpringApplication.java:762)
	at org.springframework.boot.SpringApplication.refreshContext(SpringApplication.java:398)
	at org.springframework.boot.SpringApplication.run(SpringApplication.java:330)
	at org.springframework.boot.SpringApplication.run(SpringApplication.java:1258)
	at org.springframework.boot.SpringApplication.run(SpringApplication.java:1246)
	at com.itfdms.auth.ItfdmsAuthApplication.main(ItfdmsAuthApplication.java:33)
Caused by: org.springframework.beans.factory.UnsatisfiedDependencyException: Error creating bean with name 'org.springframework.cache.annotation.ProxyCachingConfiguration': Unsatisfied dependency expressed through method 'setConfigurers' parameter 0; nested exception is org.springframework.beans.factory.BeanCreationException: Error creating bean with name 'redisConfiguration': Injection of resource dependencies failed; nested exception is org.springframework.beans.factory.BeanCreationException: Error creating bean with name 'myLettuceConnectionFactory' defined in class path resource [com/itfdms/common/bean/config/redis/RedisFactoryConfig.class]: Bean instantiation via factory method failed; nested exception is org.springframework.beans.BeanInstantiationException: Failed to instantiate [org.springframework.data.redis.connection.RedisConnectionFactory]: Factory method 'myLettuceConnectionFactory' threw exception; nested exception is java.lang.BootstrapMethodError: java.lang.NoClassDefFoundError: io/lettuce/core/KeyValue
	at org.springframework.beans.factory.annotation.AutowiredAnnotationBeanPostProcessor$AutowiredMethodElement.inject(AutowiredAnnotationBeanPostProcessor.java:667)
	at org.springframework.beans.factory.annotation.InjectionMetadata.inject(InjectionMetadata.java:91)
	at org.springframework.beans.factory.annotation.AutowiredAnnotationBeanPostProcessor.postProcessPropertyValues(AutowiredAnnotationBeanPostProcessor.java:373)
	at org.springframework.beans.factory.support.AbstractAutowireCapableBeanFactory.populateBean(AbstractAutowireCapableBeanFactory.java:1344)
	at org.springframework.beans.factory.support.AbstractAutowireCapableBeanFactory.doCreateBean(AbstractAutowireCapableBeanFactory.java:578)
	at org.springframework.beans.factory.support.AbstractAutowireCapableBeanFactory.createBean(AbstractAutowireCapableBeanFactory.java:501)
	at org.springframework.beans.factory.support.AbstractBeanFactory.lambda$doGetBean$0(AbstractBeanFactory.java:317)
	at org.springframework.beans.factory.support.DefaultSingletonBeanRegistry.getSingleton(DefaultSingletonBeanRegistry.java:228)
	at org.springframework.beans.factory.support.AbstractBeanFactory.doGetBean(AbstractBeanFactory.java:315)
	at org.springframework.beans.factory.support.AbstractBeanFactory.getBean(AbstractBeanFactory.java:199)
	at org.springframework.beans.factory.support.ConstructorResolver.instantiateUsingFactoryMethod(ConstructorResolver.java:368)
	at org.springframework.beans.factory.support.AbstractAutowireCapableBeanFactory.instantiateUsingFactoryMethod(AbstractAutowireCapableBeanFactory.java:1250)
	at org.springframework.beans.factory.support.AbstractAutowireCapableBeanFactory.createBeanInstance(AbstractAutowireCapableBeanFactory.java:1099)
	at org.springframework.beans.factory.support.AbstractAutowireCapableBeanFactory.doCreateBean(AbstractAutowireCapableBeanFactory.java:541)
	at org.springframework.beans.factory.support.AbstractAutowireCapableBeanFactory.createBean(AbstractAutowireCapableBeanFactory.java:501)
	at org.springframework.beans.factory.support.AbstractBeanFactory.lambda$doGetBean$0(AbstractBeanFactory.java:317)
	at org.springframework.beans.factory.support.DefaultSingletonBeanRegistry.getSingleton(DefaultSingletonBeanRegistry.java:228)
	at org.springframework.beans.factory.support.AbstractBeanFactory.doGetBean(AbstractBeanFactory.java:315)
	at org.springframework.beans.factory.support.AbstractBeanFactory.getBean(AbstractBeanFactory.java:204)
	at org.springframework.aop.framework.autoproxy.BeanFactoryAdvisorRetrievalHelper.findAdvisorBeans(BeanFactoryAdvisorRetrievalHelper.java:94)
	at org.springframework.aop.framework.autoproxy.AbstractAdvisorAutoProxyCreator.findCandidateAdvisors(AbstractAdvisorAutoProxyCreator.java:109)
	at org.springframework.aop.aspectj.annotation.AnnotationAwareAspectJAutoProxyCreator.findCandidateAdvisors(AnnotationAwareAspectJAutoProxyCreator.java:92)
	at org.springframework.aop.aspectj.autoproxy.AspectJAwareAdvisorAutoProxyCreator.shouldSkip(AspectJAwareAdvisorAutoProxyCreator.java:101)
	at org.springframework.aop.framework.autoproxy.AbstractAutoProxyCreator.postProcessBeforeInstantiation(AbstractAutoProxyCreator.java:254)
	at org.springframework.beans.factory.support.AbstractAutowireCapableBeanFactory.applyBeanPostProcessorsBeforeInstantiation(AbstractAutowireCapableBeanFactory.java:1063)
	at org.springframework.beans.factory.support.AbstractAutowireCapableBeanFactory.resolveBeforeInstantiation(AbstractAutowireCapableBeanFactory.java:1036)
	at org.springframework.beans.factory.support.AbstractAutowireCapableBeanFactory.createBean(AbstractAutowireCapableBeanFactory.java:490)
	... 16 common frames omitted
Caused by: org.springframework.beans.factory.BeanCreationException: Error creating bean with name 'redisConfiguration': Injection of resource dependencies failed; nested exception is org.springframework.beans.factory.BeanCreationException: Error creating bean with name 'myLettuceConnectionFactory' defined in class path resource [com/itfdms/common/bean/config/redis/RedisFactoryConfig.class]: Bean instantiation via factory method failed; nested exception is org.springframework.beans.BeanInstantiationException: Failed to instantiate [org.springframework.data.redis.connection.RedisConnectionFactory]: Factory method 'myLettuceConnectionFactory' threw exception; nested exception is java.lang.BootstrapMethodError: java.lang.NoClassDefFoundError: io/lettuce/core/KeyValue
	at org.springframework.context.annotation.CommonAnnotationBeanPostProcessor.postProcessPropertyValues(CommonAnnotationBeanPostProcessor.java:321)
	at org.springframework.beans.factory.support.AbstractAutowireCapableBeanFactory.populateBean(AbstractAutowireCapableBeanFactory.java:1344)
	at org.springframework.beans.factory.support.AbstractAutowireCapableBeanFactory.doCreateBean(AbstractAutowireCapableBeanFactory.java:578)
	at org.springframework.beans.factory.support.AbstractAutowireCapableBeanFactory.createBean(AbstractAutowireCapableBeanFactory.java:501)
	at org.springframework.beans.factory.support.AbstractBeanFactory.lambda$doGetBean$0(AbstractBeanFactory.java:317)
	at org.springframework.beans.factory.support.DefaultSingletonBeanRegistry.getSingleton(DefaultSingletonBeanRegistry.java:228)
	at org.springframework.beans.factory.support.AbstractBeanFactory.doGetBean(AbstractBeanFactory.java:315)
	at org.springframework.beans.factory.support.AbstractBeanFactory.getBean(AbstractBeanFactory.java:199)
	at org.springframework.beans.factory.config.DependencyDescriptor.resolveCandidate(DependencyDescriptor.java:251)
	at org.springframework.beans.factory.support.DefaultListableBeanFactory.addCandidateEntry(DefaultListableBeanFactory.java:1325)
	at org.springframework.beans.factory.support.DefaultListableBeanFactory.findAutowireCandidates(DefaultListableBeanFactory.java:1291)
	at org.springframework.beans.factory.support.DefaultListableBeanFactory.resolveMultipleBeans(DefaultListableBeanFactory.java:1193)
	at org.springframework.beans.factory.support.DefaultListableBeanFactory.doResolveDependency(DefaultListableBeanFactory.java:1096)
	at org.springframework.beans.factory.support.DefaultListableBeanFactory.resolveDependency(DefaultListableBeanFactory.java:1065)
	at org.springframework.beans.factory.annotation.AutowiredAnnotationBeanPostProcessor$AutowiredMethodElement.inject(AutowiredAnnotationBeanPostProcessor.java:659)
	... 42 common frames omitted
Caused by: org.springframework.beans.factory.BeanCreationException: Error creating bean with name 'myLettuceConnectionFactory' defined in class path resource [com/itfdms/common/bean/config/redis/RedisFactoryConfig.class]: Bean instantiation via factory method failed; nested exception is org.springframework.beans.BeanInstantiationException: Failed to instantiate [org.springframework.data.redis.connection.RedisConnectionFactory]: Factory method 'myLettuceConnectionFactory' threw exception; nested exception is java.lang.BootstrapMethodError: java.lang.NoClassDefFoundError: io/lettuce/core/KeyValue
	at org.springframework.beans.factory.support.ConstructorResolver.instantiateUsingFactoryMethod(ConstructorResolver.java:587)
	at org.springframework.beans.factory.support.AbstractAutowireCapableBeanFactory.instantiateUsingFactoryMethod(AbstractAutowireCapableBeanFactory.java:1250)
	at org.springframework.beans.factory.support.AbstractAutowireCapableBeanFactory.createBeanInstance(AbstractAutowireCapableBeanFactory.java:1099)
	at org.springframework.beans.factory.support.AbstractAutowireCapableBeanFactory.doCreateBean(AbstractAutowireCapableBeanFactory.java:541)
	at org.springframework.beans.factory.support.AbstractAutowireCapableBeanFactory.createBean(AbstractAutowireCapableBeanFactory.java:501)
	at org.springframework.beans.factory.support.AbstractBeanFactory.lambda$doGetBean$0(AbstractBeanFactory.java:317)
	at org.springframework.beans.factory.support.DefaultSingletonBeanRegistry.getSingleton(DefaultSingletonBeanRegistry.java:228)
	at org.springframework.beans.factory.support.AbstractBeanFactory.doGetBean(AbstractBeanFactory.java:315)
	at org.springframework.beans.factory.support.AbstractBeanFactory.getBean(AbstractBeanFactory.java:204)
	at org.springframework.context.annotation.CommonAnnotationBeanPostProcessor.autowireResource(CommonAnnotationBeanPostProcessor.java:513)
	at org.springframework.context.annotation.CommonAnnotationBeanPostProcessor.getResource(CommonAnnotationBeanPostProcessor.java:484)
	at org.springframework.context.annotation.CommonAnnotationBeanPostProcessor$ResourceElement.getResourceToInject(CommonAnnotationBeanPostProcessor.java:618)
	at org.springframework.beans.factory.annotation.InjectionMetadata$InjectedElement.inject(InjectionMetadata.java:177)
	at org.springframework.beans.factory.annotation.InjectionMetadata.inject(InjectionMetadata.java:91)
	at org.springframework.context.annotation.CommonAnnotationBeanPostProcessor.postProcessPropertyValues(CommonAnnotationBeanPostProcessor.java:318)
	... 56 common frames omitted
Caused by: org.springframework.beans.BeanInstantiationException: Failed to instantiate [org.springframework.data.redis.connection.RedisConnectionFactory]: Factory method 'myLettuceConnectionFactory' threw exception; nested exception is java.lang.BootstrapMethodError: java.lang.NoClassDefFoundError: io/lettuce/core/KeyValue
	at org.springframework.beans.factory.support.SimpleInstantiationStrategy.instantiate(SimpleInstantiationStrategy.java:185)
	at org.springframework.beans.factory.support.ConstructorResolver.instantiateUsingFactoryMethod(ConstructorResolver.java:579)
	... 70 common frames omitted
Caused by: java.lang.BootstrapMethodError: java.lang.NoClassDefFoundError: io/lettuce/core/KeyValue
	at org.springframework.data.redis.connection.lettuce.LettuceConverters.<clinit>(LettuceConverters.java:139)
	at org.springframework.data.redis.connection.lettuce.LettuceConnectionFactory.<clinit>(LettuceConnectionFactory.java:85)
	at com.itfdms.common.bean.config.redis.RedisFactoryConfig.myLettuceConnectionFactory(RedisFactoryConfig.java:61)
	at com.itfdms.common.bean.config.redis.RedisFactoryConfig$$EnhancerBySpringCGLIB$$3bb0635b.CGLIB$myLettuceConnectionFactory$1(<generated>)
	at com.itfdms.common.bean.config.redis.RedisFactoryConfig$$EnhancerBySpringCGLIB$$3bb0635b$$FastClassBySpringCGLIB$$6bbbc6dd.invoke(<generated>)
	at org.springframework.cglib.proxy.MethodProxy.invokeSuper(MethodProxy.java:228)
	at org.springframework.context.annotation.ConfigurationClassEnhancer$BeanMethodInterceptor.intercept(ConfigurationClassEnhancer.java:361)
	at com.itfdms.common.bean.config.redis.RedisFactoryConfig$$EnhancerBySpringCGLIB$$3bb0635b.myLettuceConnectionFactory(<generated>)
	at sun.reflect.NativeMethodAccessorImpl.invoke0(Native Method)
	at sun.reflect.NativeMethodAccessorImpl.invoke(NativeMethodAccessorImpl.java:62)
	at sun.reflect.DelegatingMethodAccessorImpl.__invoke(DelegatingMethodAccessorImpl.java:43)
	at sun.reflect.DelegatingMethodAccessorImpl.invoke(DelegatingMethodAccessorImpl.java:45009)
	at sun.reflect.DelegatingMethodAccessorImpl.invoke(DelegatingMethodAccessorImpl.java:45012)
	at java.lang.reflect.Method.invoke(Method.java:498)
	at org.springframework.beans.factory.support.SimpleInstantiationStrategy.instantiate(SimpleInstantiationStrategy.java:154)
	... 71 common frames omitted
Caused by: java.lang.NoClassDefFoundError: io/lettuce/core/KeyValue
	... 86 common frames omitted
Caused by: java.lang.ClassNotFoundException: io.lettuce.core.KeyValue
	at java.net.URLClassLoader.findClass(URLClassLoader.java:381)
	at java.lang.ClassLoader.loadClass(ClassLoader.java:424)
	at sun.misc.Launcher$AppClassLoader.loadClass(Launcher.java:349)
	at java.lang.ClassLoader.loadClass(ClassLoader.java:357)
	... 86 common frames omitted
2018-09-08 21:01:01,327 [main] ERROR [org.springframework.boot.SpringApplication] SpringApplication.java:845 - Application run failed
java.lang.IllegalStateException: No instances found of configserver (itfdms-config-server)
	at org.springframework.cloud.config.client.ConfigServerInstanceProvider.getConfigServerInstances(ConfigServerInstanceProvider.java:25)
	at org.springframework.cloud.config.client.ConfigServerInstanceProvider$$FastClassBySpringCGLIB$$facbf882.invoke(<generated>)
	at org.springframework.cglib.proxy.MethodProxy.invoke(MethodProxy.java:204)
	at org.springframework.aop.framework.CglibAopProxy$CglibMethodInvocation.invokeJoinpoint(CglibAopProxy.java:747)
	at org.springframework.aop.framework.ReflectiveMethodInvocation.proceed(ReflectiveMethodInvocation.java:163)
	at org.springframework.retry.interceptor.RetryOperationsInterceptor$1.doWithRetry(RetryOperationsInterceptor.java:91)
	at org.springframework.retry.support.RetryTemplate.doExecute(RetryTemplate.java:287)
	at org.springframework.retry.support.RetryTemplate.execute(RetryTemplate.java:164)
	at org.springframework.retry.interceptor.RetryOperationsInterceptor.invoke(RetryOperationsInterceptor.java:118)
	at org.springframework.retry.annotation.AnnotationAwareRetryOperationsInterceptor.invoke(AnnotationAwareRetryOperationsInterceptor.java:153)
	at org.springframework.aop.framework.ReflectiveMethodInvocation.proceed(ReflectiveMethodInvocation.java:185)
	at org.springframework.aop.framework.CglibAopProxy$DynamicAdvisedInterceptor.intercept(CglibAopProxy.java:689)
	at org.springframework.cloud.config.client.ConfigServerInstanceProvider$$EnhancerBySpringCGLIB$$1c7c45e7.getConfigServerInstances(<generated>)
	at org.springframework.cloud.config.client.DiscoveryClientConfigServiceBootstrapConfiguration.refresh(DiscoveryClientConfigServiceBootstrapConfiguration.java:84)
	at org.springframework.cloud.config.client.DiscoveryClientConfigServiceBootstrapConfiguration.startup(DiscoveryClientConfigServiceBootstrapConfiguration.java:69)
	at sun.reflect.NativeMethodAccessorImpl.invoke0(Native Method)
	at sun.reflect.NativeMethodAccessorImpl.invoke(NativeMethodAccessorImpl.java:62)
	at sun.reflect.DelegatingMethodAccessorImpl.__invoke(DelegatingMethodAccessorImpl.java:43)
	at sun.reflect.DelegatingMethodAccessorImpl.invoke(DelegatingMethodAccessorImpl.java:45009)
	at sun.reflect.DelegatingMethodAccessorImpl.invoke(DelegatingMethodAccessorImpl.java:45012)
	at java.lang.reflect.Method.invoke(Method.java:498)
	at org.springframework.context.event.ApplicationListenerMethodAdapter.doInvoke(ApplicationListenerMethodAdapter.java:264)
	at org.springframework.context.event.ApplicationListenerMethodAdapter.processEvent(ApplicationListenerMethodAdapter.java:182)
	at org.springframework.context.event.ApplicationListenerMethodAdapter.onApplicationEvent(ApplicationListenerMethodAdapter.java:144)
	at org.springframework.context.event.SimpleApplicationEventMulticaster.doInvokeListener(SimpleApplicationEventMulticaster.java:172)
	at org.springframework.context.event.SimpleApplicationEventMulticaster.invokeListener(SimpleApplicationEventMulticaster.java:165)
	at org.springframework.context.event.SimpleApplicationEventMulticaster.multicastEvent(SimpleApplicationEventMulticaster.java:139)
	at org.springframework.context.support.AbstractApplicationContext.publishEvent(AbstractApplicationContext.java:400)
	at org.springframework.context.support.AbstractApplicationContext.publishEvent(AbstractApplicationContext.java:354)
	at org.springframework.context.support.AbstractApplicationContext.finishRefresh(AbstractApplicationContext.java:888)
	at org.springframework.context.support.AbstractApplicationContext.__refresh(AbstractApplicationContext.java:553)
	at org.springframework.context.support.AbstractApplicationContext.jrLockAndRefresh(AbstractApplicationContext.java:40002)
	at org.springframework.context.support.AbstractApplicationContext.refresh(AbstractApplicationContext.java:41008)
	at org.springframework.boot.SpringApplication.refresh(SpringApplication.java:762)
	at org.springframework.boot.SpringApplication.refreshContext(SpringApplication.java:398)
	at org.springframework.boot.SpringApplication.run(SpringApplication.java:330)
	at org.springframework.boot.builder.SpringApplicationBuilder.run(SpringApplicationBuilder.java:137)
	at org.springframework.cloud.bootstrap.BootstrapApplicationListener.bootstrapServiceContext(BootstrapApplicationListener.java:197)
	at org.springframework.cloud.bootstrap.BootstrapApplicationListener.onApplicationEvent(BootstrapApplicationListener.java:104)
	at org.springframework.cloud.bootstrap.BootstrapApplicationListener.onApplicationEvent(BootstrapApplicationListener.java:70)
	at org.springframework.context.event.SimpleApplicationEventMulticaster.doInvokeListener(SimpleApplicationEventMulticaster.java:172)
	at org.springframework.context.event.SimpleApplicationEventMulticaster.invokeListener(SimpleApplicationEventMulticaster.java:165)
	at org.springframework.context.event.SimpleApplicationEventMulticaster.multicastEvent(SimpleApplicationEventMulticaster.java:139)
	at org.springframework.context.event.SimpleApplicationEventMulticaster.multicastEvent(SimpleApplicationEventMulticaster.java:127)
	at org.springframework.boot.context.event.EventPublishingRunListener.environmentPrepared(EventPublishingRunListener.java:74)
	at org.springframework.boot.SpringApplicationRunListeners.environmentPrepared(SpringApplicationRunListeners.java:54)
	at org.springframework.boot.SpringApplication.prepareEnvironment(SpringApplication.java:361)
	at org.springframework.boot.SpringApplication.run(SpringApplication.java:320)
	at org.springframework.boot.SpringApplication.run(SpringApplication.java:1258)
	at org.springframework.boot.SpringApplication.run(SpringApplication.java:1246)
	at com.itfdms.auth.ItfdmsAuthApplication.main(ItfdmsAuthApplication.java:33)
2018-09-08 21:01:01,351 [main] ERROR [org.springframework.boot.SpringApplication] SpringApplication.java:845 - Application run failed
java.lang.IllegalStateException: No instances found of configserver (itfdms-config-server)
	at org.springframework.cloud.config.client.ConfigServerInstanceProvider.getConfigServerInstances(ConfigServerInstanceProvider.java:25)
	at org.springframework.cloud.config.client.ConfigServerInstanceProvider$$FastClassBySpringCGLIB$$facbf882.invoke(<generated>)
	at org.springframework.cglib.proxy.MethodProxy.invoke(MethodProxy.java:204)
	at org.springframework.aop.framework.CglibAopProxy$CglibMethodInvocation.invokeJoinpoint(CglibAopProxy.java:747)
	at org.springframework.aop.framework.ReflectiveMethodInvocation.proceed(ReflectiveMethodInvocation.java:163)
	at org.springframework.retry.interceptor.RetryOperationsInterceptor$1.doWithRetry(RetryOperationsInterceptor.java:91)
	at org.springframework.retry.support.RetryTemplate.doExecute(RetryTemplate.java:287)
	at org.springframework.retry.support.RetryTemplate.execute(RetryTemplate.java:164)
	at org.springframework.retry.interceptor.RetryOperationsInterceptor.invoke(RetryOperationsInterceptor.java:118)
	at org.springframework.retry.annotation.AnnotationAwareRetryOperationsInterceptor.invoke(AnnotationAwareRetryOperationsInterceptor.java:153)
	at org.springframework.aop.framework.ReflectiveMethodInvocation.proceed(ReflectiveMethodInvocation.java:185)
	at org.springframework.aop.framework.CglibAopProxy$DynamicAdvisedInterceptor.intercept(CglibAopProxy.java:689)
	at org.springframework.cloud.config.client.ConfigServerInstanceProvider$$EnhancerBySpringCGLIB$$1c7c45e7.getConfigServerInstances(<generated>)
	at org.springframework.cloud.config.client.DiscoveryClientConfigServiceBootstrapConfiguration.refresh(DiscoveryClientConfigServiceBootstrapConfiguration.java:84)
	at org.springframework.cloud.config.client.DiscoveryClientConfigServiceBootstrapConfiguration.startup(DiscoveryClientConfigServiceBootstrapConfiguration.java:69)
	at sun.reflect.NativeMethodAccessorImpl.invoke0(Native Method)
	at sun.reflect.NativeMethodAccessorImpl.invoke(NativeMethodAccessorImpl.java:62)
	at sun.reflect.DelegatingMethodAccessorImpl.__invoke(DelegatingMethodAccessorImpl.java:43)
	at sun.reflect.DelegatingMethodAccessorImpl.invoke(DelegatingMethodAccessorImpl.java:45009)
	at sun.reflect.DelegatingMethodAccessorImpl.invoke(DelegatingMethodAccessorImpl.java:45012)
	at java.lang.reflect.Method.invoke(Method.java:498)
	at org.springframework.context.event.ApplicationListenerMethodAdapter.doInvoke(ApplicationListenerMethodAdapter.java:264)
	at org.springframework.context.event.ApplicationListenerMethodAdapter.processEvent(ApplicationListenerMethodAdapter.java:182)
	at org.springframework.context.event.ApplicationListenerMethodAdapter.onApplicationEvent(ApplicationListenerMethodAdapter.java:144)
	at org.springframework.context.event.SimpleApplicationEventMulticaster.doInvokeListener(SimpleApplicationEventMulticaster.java:172)
	at org.springframework.context.event.SimpleApplicationEventMulticaster.invokeListener(SimpleApplicationEventMulticaster.java:165)
	at org.springframework.context.event.SimpleApplicationEventMulticaster.multicastEvent(SimpleApplicationEventMulticaster.java:139)
	at org.springframework.context.support.AbstractApplicationContext.publishEvent(AbstractApplicationContext.java:400)
	at org.springframework.context.support.AbstractApplicationContext.publishEvent(AbstractApplicationContext.java:354)
	at org.springframework.context.support.AbstractApplicationContext.finishRefresh(AbstractApplicationContext.java:888)
	at org.springframework.context.support.AbstractApplicationContext.__refresh(AbstractApplicationContext.java:553)
	at org.springframework.context.support.AbstractApplicationContext.jrLockAndRefresh(AbstractApplicationContext.java:40002)
	at org.springframework.context.support.AbstractApplicationContext.refresh(AbstractApplicationContext.java:41008)
	at org.springframework.boot.SpringApplication.refresh(SpringApplication.java:762)
	at org.springframework.boot.SpringApplication.refreshContext(SpringApplication.java:398)
	at org.springframework.boot.SpringApplication.run(SpringApplication.java:330)
	at org.springframework.boot.builder.SpringApplicationBuilder.run(SpringApplicationBuilder.java:137)
	at org.springframework.cloud.bootstrap.BootstrapApplicationListener.bootstrapServiceContext(BootstrapApplicationListener.java:197)
	at org.springframework.cloud.bootstrap.BootstrapApplicationListener.onApplicationEvent(BootstrapApplicationListener.java:104)
	at org.springframework.cloud.bootstrap.BootstrapApplicationListener.onApplicationEvent(BootstrapApplicationListener.java:70)
	at org.springframework.context.event.SimpleApplicationEventMulticaster.doInvokeListener(SimpleApplicationEventMulticaster.java:172)
	at org.springframework.context.event.SimpleApplicationEventMulticaster.invokeListener(SimpleApplicationEventMulticaster.java:165)
	at org.springframework.context.event.SimpleApplicationEventMulticaster.multicastEvent(SimpleApplicationEventMulticaster.java:139)
	at org.springframework.context.event.SimpleApplicationEventMulticaster.multicastEvent(SimpleApplicationEventMulticaster.java:127)
	at org.springframework.boot.context.event.EventPublishingRunListener.environmentPrepared(EventPublishingRunListener.java:74)
	at org.springframework.boot.SpringApplicationRunListeners.environmentPrepared(SpringApplicationRunListeners.java:54)
	at org.springframework.boot.SpringApplication.prepareEnvironment(SpringApplication.java:361)
	at org.springframework.boot.SpringApplication.run(SpringApplication.java:320)
	at org.springframework.boot.SpringApplication.run(SpringApplication.java:1258)
	at org.springframework.boot.SpringApplication.run(SpringApplication.java:1246)
	at com.itfdms.auth.ItfdmsAuthApplication.main(ItfdmsAuthApplication.java:33)
2018-09-08 21:03:26,543 [main] ERROR [o.s.b.diagnostics.LoggingFailureAnalysisReporter] LoggingFailureAnalysisReporter.java:42 - 

***************************
APPLICATION FAILED TO START
***************************

Description:

Field authenticationManager in com.itfdms.auth.config.ItfdmsAuthorizationConfig required a bean of type 'org.springframework.security.authentication.AuthenticationManager' that could not be found.


Action:

Consider defining a bean of type 'org.springframework.security.authentication.AuthenticationManager' in your configuration.

